<?xml version="1.0" encoding="UTF-8"?>
<testsuite xmlns:xsi="http://www.w3.org/2001/XMLSchema-instance" xsi:noNamespaceSchemaLocation="https://maven.apache.org/surefire/maven-surefire-plugin/xsd/surefire-test-report.xsd" name="com.trivium.app.CalculatorTest" time="0.198" tests="4" errors="0" skipped="0" failures="0">
  <properties>
    <property name="java.specification.version" value="17"/>
    <property name="sun.cpu.isalist" value="amd64"/>
    <property name="sonar.login" value="sqp_1aa479c0a288909fad7291f67e18a9a11beabbfe"/>
    <property name="sonar.host.url" value="http://localhost:9000"/>
    <property name="sun.jnu.encoding" value="Cp1252"/>
    <property name="java.class.path" value="D:\Workspace\Spring Boot WorkSpace\SonarQubeDemo\target\test-classes;D:\Workspace\Spring Boot WorkSpace\SonarQubeDemo\target\classes;C:\Users\Suryansh.Verma\.m2\repository\org\junit\jupiter\junit-jupiter-api\5.7.2\junit-jupiter-api-5.7.2.jar;C:\Users\Suryansh.Verma\.m2\repository\org\apiguardian\apiguardian-api\1.1.0\apiguardian-api-1.1.0.jar;C:\Users\Suryansh.Verma\.m2\repository\org\opentest4j\opentest4j\1.2.0\opentest4j-1.2.0.jar;C:\Users\Suryansh.Verma\.m2\repository\org\junit\platform\junit-platform-commons\1.7.2\junit-platform-commons-1.7.2.jar;C:\Users\Suryansh.Verma\.m2\repository\org\junit\jupiter\junit-jupiter-engine\5.7.2\junit-jupiter-engine-5.7.2.jar;C:\Users\Suryansh.Verma\.m2\repository\org\junit\platform\junit-platform-engine\1.7.2\junit-platform-engine-1.7.2.jar;C:\Users\Suryansh.Verma\.m2\repository\org\codehaus\sonar\sonar-maven-plugin\3.2\sonar-maven-plugin-3.2.jar;C:\Users\Suryansh.Verma\.m2\repository\org\apache\maven\shared\maven-dependency-tree\1.2\maven-dependency-tree-1.2.jar;C:\Users\Suryansh.Verma\.m2\repository\org\apache\maven\maven-project\2.0.8\maven-project-2.0.8.jar;C:\Users\Suryansh.Verma\.m2\repository\org\apache\maven\maven-settings\2.0.8\maven-settings-2.0.8.jar;C:\Users\Suryansh.Verma\.m2\repository\org\apache\maven\maven-profile\2.0.8\maven-profile-2.0.8.jar;C:\Users\Suryansh.Verma\.m2\repository\org\apache\maven\maven-model\2.0.8\maven-model-2.0.8.jar;C:\Users\Suryansh.Verma\.m2\repository\org\apache\maven\maven-artifact-manager\2.0.8\maven-artifact-manager-2.0.8.jar;C:\Users\Suryansh.Verma\.m2\repository\org\apache\maven\maven-repository-metadata\2.0.8\maven-repository-metadata-2.0.8.jar;C:\Users\Suryansh.Verma\.m2\repository\org\apache\maven\wagon\wagon-provider-api\1.0-beta-2\wagon-provider-api-1.0-beta-2.jar;C:\Users\Suryansh.Verma\.m2\repository\org\apache\maven\maven-plugin-registry\2.0.8\maven-plugin-registry-2.0.8.jar;C:\Users\Suryansh.Verma\.m2\repository\org\codehaus\plexus\plexus-utils\1.4.6\plexus-utils-1.4.6.jar;C:\Users\Suryansh.Verma\.m2\repository\org\apache\maven\maven-artifact\2.0.8\maven-artifact-2.0.8.jar;C:\Users\Suryansh.Verma\.m2\repository\org\codehaus\plexus\plexus-container-default\1.0-alpha-9-stable-1\plexus-container-default-1.0-alpha-9-stable-1.jar;C:\Users\Suryansh.Verma\.m2\repository\junit\junit\3.8.1\junit-3.8.1.jar;C:\Users\Suryansh.Verma\.m2\repository\org\codehaus\sonar\sonar-batch\3.2\sonar-batch-3.2.jar;C:\Users\Suryansh.Verma\.m2\repository\org\codehaus\sonar\sonar-core\3.2\sonar-core-3.2.jar;C:\Users\Suryansh.Verma\.m2\repository\org\mybatis\mybatis\3.1.1\mybatis-3.1.1.jar;C:\Users\Suryansh.Verma\.m2\repository\org\codehaus\sonar\sonar-update-center-common\1.3\sonar-update-center-common-1.3.jar;C:\Users\Suryansh.Verma\.m2\repository\org\hibernate\hibernate-core\3.3.2.GA\hibernate-core-3.3.2.GA.jar;C:\Users\Suryansh.Verma\.m2\repository\antlr\antlr\2.7.6\antlr-2.7.6.jar;C:\Users\Suryansh.Verma\.m2\repository\commons-collections\commons-collections\3.1\commons-collections-3.1.jar;C:\Users\Suryansh.Verma\.m2\repository\dom4j\dom4j\1.6.1\dom4j-1.6.1.jar;C:\Users\Suryansh.Verma\.m2\repository\org\hibernate\hibernate-annotations\3.4.0.GA\hibernate-annotations-3.4.0.GA.jar;C:\Users\Suryansh.Verma\.m2\repository\org\hibernate\ejb3-persistence\1.0.2.GA\ejb3-persistence-1.0.2.GA.jar;C:\Users\Suryansh.Verma\.m2\repository\org\hibernate\hibernate-commons-annotations\3.1.0.GA\hibernate-commons-annotations-3.1.0.GA.jar;C:\Users\Suryansh.Verma\.m2\repository\org\hibernate\hibernate-entitymanager\3.4.0.GA\hibernate-entitymanager-3.4.0.GA.jar;C:\Users\Suryansh.Verma\.m2\repository\javassist\javassist\3.4.GA\javassist-3.4.GA.jar;C:\Users\Suryansh.Verma\.m2\repository\geronimo-spec\geronimo-spec-jta\1.0-M1\geronimo-spec-jta-1.0-M1.jar;C:\Users\Suryansh.Verma\.m2\repository\org\hibernate\hibernate-ehcache\3.3.2.GA\hibernate-ehcache-3.3.2.GA.jar;C:\Users\Suryansh.Verma\.m2\repository\net\sf\ehcache\ehcache\1.2.3\ehcache-1.2.3.jar;C:\Users\Suryansh.Verma\.m2\repository\commons-dbcp\commons-dbcp\1.3\commons-dbcp-1.3.jar;C:\Users\Suryansh.Verma\.m2\repository\commons-pool\commons-pool\1.5.4\commons-pool-1.5.4.jar;C:\Users\Suryansh.Verma\.m2\repository\org\codehaus\plexus\plexus-classworlds\2.2.3\plexus-classworlds-2.2.3.jar;C:\Users\Suryansh.Verma\.m2\repository\org\slf4j\jcl-over-slf4j\1.6.2\jcl-over-slf4j-1.6.2.jar;C:\Users\Suryansh.Verma\.m2\repository\org\slf4j\log4j-over-slf4j\1.6.2\log4j-over-slf4j-1.6.2.jar;C:\Users\Suryansh.Verma\.m2\repository\org\codehaus\sonar\sonar-deprecated\3.2\sonar-deprecated-3.2.jar;C:\Users\Suryansh.Verma\.m2\repository\org\codehaus\sonar\sonar-java-api\3.2\sonar-java-api-3.2.jar;C:\Users\Suryansh.Verma\.m2\repository\org\codehaus\sonar\sonar-plugin-api\3.2\sonar-plugin-api-3.2.jar;C:\Users\Suryansh.Verma\.m2\repository\org\codehaus\sonar\sonar-check-api\3.2\sonar-check-api-3.2.jar;C:\Users\Suryansh.Verma\.m2\repository\org\codehaus\sonar\sonar-colorizer\3.2\sonar-colorizer-3.2.jar;C:\Users\Suryansh.Verma\.m2\repository\org\codehaus\sonar\sonar-channel\3.2\sonar-channel-3.2.jar;C:\Users\Suryansh.Verma\.m2\repository\org\codehaus\sonar\sonar-duplications\3.2\sonar-duplications-3.2.jar;C:\Users\Suryansh.Verma\.m2\repository\org\codehaus\sonar\sonar-graph\3.2\sonar-graph-3.2.jar;C:\Users\Suryansh.Verma\.m2\repository\com\google\guava\guava\10.0.1\guava-10.0.1.jar;C:\Users\Suryansh.Verma\.m2\repository\com\google\code\findbugs\jsr305\1.3.9\jsr305-1.3.9.jar;C:\Users\Suryansh.Verma\.m2\repository\commons-configuration\commons-configuration\1.6\commons-configuration-1.6.jar;C:\Users\Suryansh.Verma\.m2\repository\commons-digester\commons-digester\1.8\commons-digester-1.8.jar;C:\Users\Suryansh.Verma\.m2\repository\commons-beanutils\commons-beanutils\1.7.0\commons-beanutils-1.7.0.jar;C:\Users\Suryansh.Verma\.m2\repository\commons-codec\commons-codec\1.4\commons-codec-1.4.jar;C:\Users\Suryansh.Verma\.m2\repository\jfree\jfreechart\1.0.9\jfreechart-1.0.9.jar;C:\Users\Suryansh.Verma\.m2\repository\jfree\jcommon\1.0.12\jcommon-1.0.12.jar;C:\Users\Suryansh.Verma\.m2\repository\com\thoughtworks\xstream\xstream\1.3.1\xstream-1.3.1.jar;C:\Users\Suryansh.Verma\.m2\repository\xpp3\xpp3\1.1.3.3\xpp3-1.1.3.3.jar;C:\Users\Suryansh.Verma\.m2\repository\org\codehaus\woodstox\woodstox-core-lgpl\4.0.4\woodstox-core-lgpl-4.0.4.jar;C:\Users\Suryansh.Verma\.m2\repository\stax\stax-api\1.0.1\stax-api-1.0.1.jar;C:\Users\Suryansh.Verma\.m2\repository\org\codehaus\woodstox\stax2-api\3.0.1\stax2-api-3.0.1.jar;C:\Users\Suryansh.Verma\.m2\repository\org\codehaus\staxmate\staxmate\2.0.0\staxmate-2.0.0.jar;C:\Users\Suryansh.Verma\.m2\repository\xerces\xercesImpl\2.8.1\xercesImpl-2.8.1.jar;C:\Users\Suryansh.Verma\.m2\repository\xml-apis\xml-apis\1.3.03\xml-apis-1.3.03.jar;C:\Users\Suryansh.Verma\.m2\repository\xalan\xalan\2.7.1\xalan-2.7.1.jar;C:\Users\Suryansh.Verma\.m2\repository\xalan\serializer\2.7.1\serializer-2.7.1.jar;C:\Users\Suryansh.Verma\.m2\repository\org\codehaus\sonar\sonar-squid\3.2\sonar-squid-3.2.jar;C:\Users\Suryansh.Verma\.m2\repository\commons-io\commons-io\2.0.1\commons-io-2.0.1.jar;C:\Users\Suryansh.Verma\.m2\repository\org\picocontainer\picocontainer\2.14.1\picocontainer-2.14.1.jar;C:\Users\Suryansh.Verma\.m2\repository\commons-lang\commons-lang\2.6\commons-lang-2.6.jar;C:\Users\Suryansh.Verma\.m2\repository\org\slf4j\slf4j-api\1.6.2\slf4j-api-1.6.2.jar;C:\Users\Suryansh.Verma\.m2\repository\ch\qos\logback\logback-classic\0.9.30\logback-classic-0.9.30.jar;C:\Users\Suryansh.Verma\.m2\repository\ch\qos\logback\logback-core\0.9.30\logback-core-0.9.30.jar;"/>
    <property name="java.vm.vendor" value="Oracle Corporation"/>
    <property name="sun.arch.data.model" value="64"/>
    <property name="user.variant" value=""/>
    <property name="java.vendor.url" value="https://java.oracle.com/"/>
    <property name="user.timezone" value="Asia/Calcutta"/>
    <property name="mvnd.terminalWidth" value="133"/>
    <property name="os.name" value="Windows 11"/>
    <property name="java.vm.specification.version" value="17"/>
    <property name="sun.java.launcher" value="SUN_STANDARD"/>
    <property name="user.country" value="IN"/>
    <property name="sun.boot.library.path" value="C:\Program Files\Java\jdk-17\bin"/>
    <property name="sun.java.command" value="C:\Users\SURYAN~1.VER\AppData\Local\Temp\surefire7165501632257225822\surefirebooter1293303333980629974.jar C:\Users\Suryansh.Verma\AppData\Local\Temp\surefire7165501632257225822 2025-04-07T15-09-41_861-jvmRun1 surefire1474879807425986199tmp surefire_13700045849661826177tmp"/>
    <property name="jdk.debug" value="release"/>
    <property name="surefire.test.class.path" value="D:\Workspace\Spring Boot WorkSpace\SonarQubeDemo\target\test-classes;D:\Workspace\Spring Boot WorkSpace\SonarQubeDemo\target\classes;C:\Users\Suryansh.Verma\.m2\repository\org\junit\jupiter\junit-jupiter-api\5.7.2\junit-jupiter-api-5.7.2.jar;C:\Users\Suryansh.Verma\.m2\repository\org\apiguardian\apiguardian-api\1.1.0\apiguardian-api-1.1.0.jar;C:\Users\Suryansh.Verma\.m2\repository\org\opentest4j\opentest4j\1.2.0\opentest4j-1.2.0.jar;C:\Users\Suryansh.Verma\.m2\repository\org\junit\platform\junit-platform-commons\1.7.2\junit-platform-commons-1.7.2.jar;C:\Users\Suryansh.Verma\.m2\repository\org\junit\jupiter\junit-jupiter-engine\5.7.2\junit-jupiter-engine-5.7.2.jar;C:\Users\Suryansh.Verma\.m2\repository\org\junit\platform\junit-platform-engine\1.7.2\junit-platform-engine-1.7.2.jar;C:\Users\Suryansh.Verma\.m2\repository\org\codehaus\sonar\sonar-maven-plugin\3.2\sonar-maven-plugin-3.2.jar;C:\Users\Suryansh.Verma\.m2\repository\org\apache\maven\shared\maven-dependency-tree\1.2\maven-dependency-tree-1.2.jar;C:\Users\Suryansh.Verma\.m2\repository\org\apache\maven\maven-project\2.0.8\maven-project-2.0.8.jar;C:\Users\Suryansh.Verma\.m2\repository\org\apache\maven\maven-settings\2.0.8\maven-settings-2.0.8.jar;C:\Users\Suryansh.Verma\.m2\repository\org\apache\maven\maven-profile\2.0.8\maven-profile-2.0.8.jar;C:\Users\Suryansh.Verma\.m2\repository\org\apache\maven\maven-model\2.0.8\maven-model-2.0.8.jar;C:\Users\Suryansh.Verma\.m2\repository\org\apache\maven\maven-artifact-manager\2.0.8\maven-artifact-manager-2.0.8.jar;C:\Users\Suryansh.Verma\.m2\repository\org\apache\maven\maven-repository-metadata\2.0.8\maven-repository-metadata-2.0.8.jar;C:\Users\Suryansh.Verma\.m2\repository\org\apache\maven\wagon\wagon-provider-api\1.0-beta-2\wagon-provider-api-1.0-beta-2.jar;C:\Users\Suryansh.Verma\.m2\repository\org\apache\maven\maven-plugin-registry\2.0.8\maven-plugin-registry-2.0.8.jar;C:\Users\Suryansh.Verma\.m2\repository\org\codehaus\plexus\plexus-utils\1.4.6\plexus-utils-1.4.6.jar;C:\Users\Suryansh.Verma\.m2\repository\org\apache\maven\maven-artifact\2.0.8\maven-artifact-2.0.8.jar;C:\Users\Suryansh.Verma\.m2\repository\org\codehaus\plexus\plexus-container-default\1.0-alpha-9-stable-1\plexus-container-default-1.0-alpha-9-stable-1.jar;C:\Users\Suryansh.Verma\.m2\repository\junit\junit\3.8.1\junit-3.8.1.jar;C:\Users\Suryansh.Verma\.m2\repository\org\codehaus\sonar\sonar-batch\3.2\sonar-batch-3.2.jar;C:\Users\Suryansh.Verma\.m2\repository\org\codehaus\sonar\sonar-core\3.2\sonar-core-3.2.jar;C:\Users\Suryansh.Verma\.m2\repository\org\mybatis\mybatis\3.1.1\mybatis-3.1.1.jar;C:\Users\Suryansh.Verma\.m2\repository\org\codehaus\sonar\sonar-update-center-common\1.3\sonar-update-center-common-1.3.jar;C:\Users\Suryansh.Verma\.m2\repository\org\hibernate\hibernate-core\3.3.2.GA\hibernate-core-3.3.2.GA.jar;C:\Users\Suryansh.Verma\.m2\repository\antlr\antlr\2.7.6\antlr-2.7.6.jar;C:\Users\Suryansh.Verma\.m2\repository\commons-collections\commons-collections\3.1\commons-collections-3.1.jar;C:\Users\Suryansh.Verma\.m2\repository\dom4j\dom4j\1.6.1\dom4j-1.6.1.jar;C:\Users\Suryansh.Verma\.m2\repository\org\hibernate\hibernate-annotations\3.4.0.GA\hibernate-annotations-3.4.0.GA.jar;C:\Users\Suryansh.Verma\.m2\repository\org\hibernate\ejb3-persistence\1.0.2.GA\ejb3-persistence-1.0.2.GA.jar;C:\Users\Suryansh.Verma\.m2\repository\org\hibernate\hibernate-commons-annotations\3.1.0.GA\hibernate-commons-annotations-3.1.0.GA.jar;C:\Users\Suryansh.Verma\.m2\repository\org\hibernate\hibernate-entitymanager\3.4.0.GA\hibernate-entitymanager-3.4.0.GA.jar;C:\Users\Suryansh.Verma\.m2\repository\javassist\javassist\3.4.GA\javassist-3.4.GA.jar;C:\Users\Suryansh.Verma\.m2\repository\geronimo-spec\geronimo-spec-jta\1.0-M1\geronimo-spec-jta-1.0-M1.jar;C:\Users\Suryansh.Verma\.m2\repository\org\hibernate\hibernate-ehcache\3.3.2.GA\hibernate-ehcache-3.3.2.GA.jar;C:\Users\Suryansh.Verma\.m2\repository\net\sf\ehcache\ehcache\1.2.3\ehcache-1.2.3.jar;C:\Users\Suryansh.Verma\.m2\repository\commons-dbcp\commons-dbcp\1.3\commons-dbcp-1.3.jar;C:\Users\Suryansh.Verma\.m2\repository\commons-pool\commons-pool\1.5.4\commons-pool-1.5.4.jar;C:\Users\Suryansh.Verma\.m2\repository\org\codehaus\plexus\plexus-classworlds\2.2.3\plexus-classworlds-2.2.3.jar;C:\Users\Suryansh.Verma\.m2\repository\org\slf4j\jcl-over-slf4j\1.6.2\jcl-over-slf4j-1.6.2.jar;C:\Users\Suryansh.Verma\.m2\repository\org\slf4j\log4j-over-slf4j\1.6.2\log4j-over-slf4j-1.6.2.jar;C:\Users\Suryansh.Verma\.m2\repository\org\codehaus\sonar\sonar-deprecated\3.2\sonar-deprecated-3.2.jar;C:\Users\Suryansh.Verma\.m2\repository\org\codehaus\sonar\sonar-java-api\3.2\sonar-java-api-3.2.jar;C:\Users\Suryansh.Verma\.m2\repository\org\codehaus\sonar\sonar-plugin-api\3.2\sonar-plugin-api-3.2.jar;C:\Users\Suryansh.Verma\.m2\repository\org\codehaus\sonar\sonar-check-api\3.2\sonar-check-api-3.2.jar;C:\Users\Suryansh.Verma\.m2\repository\org\codehaus\sonar\sonar-colorizer\3.2\sonar-colorizer-3.2.jar;C:\Users\Suryansh.Verma\.m2\repository\org\codehaus\sonar\sonar-channel\3.2\sonar-channel-3.2.jar;C:\Users\Suryansh.Verma\.m2\repository\org\codehaus\sonar\sonar-duplications\3.2\sonar-duplications-3.2.jar;C:\Users\Suryansh.Verma\.m2\repository\org\codehaus\sonar\sonar-graph\3.2\sonar-graph-3.2.jar;C:\Users\Suryansh.Verma\.m2\repository\com\google\guava\guava\10.0.1\guava-10.0.1.jar;C:\Users\Suryansh.Verma\.m2\repository\com\google\code\findbugs\jsr305\1.3.9\jsr305-1.3.9.jar;C:\Users\Suryansh.Verma\.m2\repository\commons-configuration\commons-configuration\1.6\commons-configuration-1.6.jar;C:\Users\Suryansh.Verma\.m2\repository\commons-digester\commons-digester\1.8\commons-digester-1.8.jar;C:\Users\Suryansh.Verma\.m2\repository\commons-beanutils\commons-beanutils\1.7.0\commons-beanutils-1.7.0.jar;C:\Users\Suryansh.Verma\.m2\repository\commons-codec\commons-codec\1.4\commons-codec-1.4.jar;C:\Users\Suryansh.Verma\.m2\repository\jfree\jfreechart\1.0.9\jfreechart-1.0.9.jar;C:\Users\Suryansh.Verma\.m2\repository\jfree\jcommon\1.0.12\jcommon-1.0.12.jar;C:\Users\Suryansh.Verma\.m2\repository\com\thoughtworks\xstream\xstream\1.3.1\xstream-1.3.1.jar;C:\Users\Suryansh.Verma\.m2\repository\xpp3\xpp3\1.1.3.3\xpp3-1.1.3.3.jar;C:\Users\Suryansh.Verma\.m2\repository\org\codehaus\woodstox\woodstox-core-lgpl\4.0.4\woodstox-core-lgpl-4.0.4.jar;C:\Users\Suryansh.Verma\.m2\repository\stax\stax-api\1.0.1\stax-api-1.0.1.jar;C:\Users\Suryansh.Verma\.m2\repository\org\codehaus\woodstox\stax2-api\3.0.1\stax2-api-3.0.1.jar;C:\Users\Suryansh.Verma\.m2\repository\org\codehaus\staxmate\staxmate\2.0.0\staxmate-2.0.0.jar;C:\Users\Suryansh.Verma\.m2\repository\xerces\xercesImpl\2.8.1\xercesImpl-2.8.1.jar;C:\Users\Suryansh.Verma\.m2\repository\xml-apis\xml-apis\1.3.03\xml-apis-1.3.03.jar;C:\Users\Suryansh.Verma\.m2\repository\xalan\xalan\2.7.1\xalan-2.7.1.jar;C:\Users\Suryansh.Verma\.m2\repository\xalan\serializer\2.7.1\serializer-2.7.1.jar;C:\Users\Suryansh.Verma\.m2\repository\org\codehaus\sonar\sonar-squid\3.2\sonar-squid-3.2.jar;C:\Users\Suryansh.Verma\.m2\repository\commons-io\commons-io\2.0.1\commons-io-2.0.1.jar;C:\Users\Suryansh.Verma\.m2\repository\org\picocontainer\picocontainer\2.14.1\picocontainer-2.14.1.jar;C:\Users\Suryansh.Verma\.m2\repository\commons-lang\commons-lang\2.6\commons-lang-2.6.jar;C:\Users\Suryansh.Verma\.m2\repository\org\slf4j\slf4j-api\1.6.2\slf4j-api-1.6.2.jar;C:\Users\Suryansh.Verma\.m2\repository\ch\qos\logback\logback-classic\0.9.30\logback-classic-0.9.30.jar;C:\Users\Suryansh.Verma\.m2\repository\ch\qos\logback\logback-core\0.9.30\logback-core-0.9.30.jar;"/>
    <property name="sun.cpu.endian" value="little"/>
    <property name="user.home" value="C:\Users\Suryansh.Verma"/>
    <property name="user.language" value="en"/>
    <property name="java.specification.vendor" value="Oracle Corporation"/>
    <property name="java.version.date" value="2024-07-16"/>
    <property name="java.home" value="C:\Program Files\Java\jdk-17"/>
    <property name="file.separator" value="\"/>
    <property name="style.color" value="always"/>
    <property name="basedir" value="D:\Workspace\Spring Boot WorkSpace\SonarQubeDemo"/>
    <property name="java.vm.compressedOopsMode" value="Zero based"/>
    <property name="line.separator" value="&#10;"/>
    <property name="java.vm.specification.vendor" value="Oracle Corporation"/>
    <property name="java.specification.name" value="Java Platform API Specification"/>
    <property name="surefire.real.class.path" value="C:\Users\SURYAN~1.VER\AppData\Local\Temp\surefire7165501632257225822\surefirebooter1293303333980629974.jar"/>
    <property name="user.script" value=""/>
    <property name="sun.management.compiler" value="HotSpot 64-Bit Tiered Compilers"/>
    <property name="java.runtime.version" value="17.0.12+8-LTS-286"/>
    <property name="user.name" value="Suryansh.Verma"/>
    <property name="path.separator" value=";"/>
    <property name="os.version" value="10.0"/>
    <property name="java.runtime.name" value="Java(TM) SE Runtime Environment"/>
    <property name="file.encoding" value="Cp1252"/>
    <property name="java.vm.name" value="Java HotSpot(TM) 64-Bit Server VM"/>
    <property name="localRepository" value="C:\Users\Suryansh.Verma\.m2\repository"/>
    <property name="java.vendor.url.bug" value="https://bugreport.java.com/bugreport/"/>
    <property name="java.io.tmpdir" value="C:\Users\SURYAN~1.VER\AppData\Local\Temp\"/>
    <property name="java.version" value="17.0.12"/>
    <property name="user.dir" value="D:\Workspace\Spring Boot WorkSpace\SonarQubeDemo"/>
    <property name="os.arch" value="amd64"/>
    <property name="maven.multiModuleProjectDirectory" value="D:\Workspace\Spring Boot WorkSpace\SonarQubeDemo"/>
    <property name="java.vm.specification.name" value="Java Virtual Machine Specification"/>
    <property name="sun.os.patch.level" value=""/>
    <property name="native.encoding" value="Cp1252"/>
    <property name="sonar.projectKey" value="sqd3"/>
    <property name="java.library.path" value="C:\Program Files\Java\jdk-17\bin;C:\WINDOWS\Sun\Java\bin;C:\WINDOWS\system32;C:\WINDOWS;C:\Program Files\Java\jdk-17\bin;C:\Program Files\Java\jdk1.8.0_291\bin;C:\Program Files\Common Files\Oracle\Java\javapath;C:\Program Files (x86)\Common Files\Oracle\Java\javapath;C:\WINDOWS\system32;C:\WINDOWS;C:\WINDOWS\System32\Wbem;C:\WINDOWS\System32\WindowsPowerShell\v1.0\;C:\WINDOWS\System32\OpenSSH\;C:\Program Files\Git\cmd;C:\Program Files\nodejs\;D:\Software\maven-mvnd-1.0.2-windows-amd64\maven-mvnd-1.0.2-windows-amd64\bin;C:\Program Files\Java\jdk-17\bin;C:\Users\Suryansh.Verma\AppData\Local\Programs\Python\Python313\Scripts\;C:\Users\Suryansh.Verma\AppData\Local\Programs\Python\Python313\;C:\Users\Suryansh.Verma\AppData\Local\Programs\Python\Launcher\;C:\Program Files\Java\jdk1.8.0_291\bin;C:\Program Files\MySQL\MySQL Shell 8.0\bin\;C:\Users\Suryansh.Verma\AppData\Local\Microsoft\WindowsApps;C:\Program Files\MongoDB\Server\5.0\bin;C:\Program Files\JetBrains\IntelliJ IDEA 2024.3.3\bin;;C:\Program Files\JetBrains\IntelliJ IDEA Community Edition 2024.3.4.1\bin;;C:\Users\Suryansh.Verma\AppData\Roaming\npm;D:\Software\maven-mvnd-1.0.2-windows-amd64\maven-mvnd-1.0.2-windows-amd64\bin;C:\Users\Suryansh.Verma\AppData\Local\Programs\Microsoft VS Code\bin;."/>
    <property name="java.vm.info" value="mixed mode, sharing"/>
    <property name="java.vendor" value="Oracle Corporation"/>
    <property name="java.vm.version" value="17.0.12+8-LTS-286"/>
    <property name="sun.io.unicode.encoding" value="UnicodeLittle"/>
    <property name="java.class.version" value="61.0"/>
  </properties>
  <testcase name="testAdd" classname="com.trivium.app.CalculatorTest" time="0.099"/>
  <testcase name="testMul" classname="com.trivium.app.CalculatorTest" time="0.001"/>
  <testcase name="testSubtract" classname="com.trivium.app.CalculatorTest" time="0"/>
  <testcase name="testDivide" classname="com.trivium.app.CalculatorTest" time="0.001"/>
</testsuite>